#
# A fatal error has been detected by the Java Runtime Environment:
#
#  EXCEPTION_ACCESS_VIOLATION (0xc0000005) at pc=0x0000029630567c60, pid=9684, tid=14240
#
# JRE version: Java(TM) SE Runtime Environment (15.0+36) (build 15+36-1562)
# Java VM: Java HotSpot(TM) 64-Bit Server VM (15+36-1562, mixed mode, sharing, tiered, compressed oops, g1 gc, windows-amd64)
# Problematic frame:
# C  0x0000029630567c60
#
# No core dump will be written. Minidumps are not enabled by default on client versions of Windows
#
# If you would like to submit a bug report, please visit:
#   https://bugreport.java.com/bugreport/crash.jsp
#

---------------  S U M M A R Y ------------

Command Line: -XX:+ShowCodeDetailsInExceptionMessages -agentlib:jdwp=transport=dt_socket,suspend=y,address=localhost:59089 -javaagent:C:\Users\정보기술\.eclipse\org.eclipse.platform_4.17.0_248562372_win32_win32_x86_64\configuration\org.eclipse.osgi\215\0\.cp\lib\javaagent-shaded.jar -Dfile.encoding=MS949 form.gravity

Host: Intel(R) Core(TM) i5-9600K CPU @ 3.70GHz, 6 cores, 7G,  Windows 10 , 64 bit Build 19041 (10.0.19041.1023)
Time: Thu Jun 24 20:57:54 2021 대한민국 표준시 elapsed time: 0.156779 seconds (0d 0h 0m 0s)

---------------  T H R E A D  ---------------

Current thread (0x000002962a5202c0):  JavaThread "main" [_thread_in_Java, id=14240, stack(0x000000b4e6d00000,0x000000b4e6e00000)]

Stack: [0x000000b4e6d00000,0x000000b4e6e00000],  sp=0x000000b4e6dfcc08,  free space=1011k
Native frames: (J=compiled Java code, j=interpreted, Vv=VM code, C=native code)
C  0x0000029630567c60


siginfo: EXCEPTION_ACCESS_VIOLATION (0xc0000005), data execution prevention violation at address 0x0000029630567c60


Register to memory mapping:

RIP=0x0000029630567c60 points into unknown readable memory: 0x22000a425b292804 | 04 28 29 5b 42 0a 00 22
RAX=0x0000000088dfd848 is an oop: java.lang.String 
{0x0000000088dfd848} - klass: 'java/lang/String'
RBX=0x0 is NULL
RCX=0x0000000000000005 is an unknown value
RDX=0x0000000088dfd848 is an oop: java.lang.String 
{0x0000000088dfd848} - klass: 'java/lang/String'
RSP=0x000000b4e6dfcc08 is pointing into the stack for thread: 0x000002962a5202c0
RBP=0x000000b4e6dfce10 is pointing into the stack for thread: 0x000002962a5202c0
RSI=0x000000000000000c is an unknown value
RDI=0x0 is NULL
R8 =0x0000000000000010 is an unknown value
R9 =0x0 is NULL
R10=0x000002962a601000 points into unknown readable memory: 0x0000000000000000 | 00 00 00 00 00 00 00 00
R11=0x0000000088dfc9a0 is an oop: [B 
{0x0000000088dfc9a0} - klass: {type array byte}
 - length: 96
R12=0x0 is NULL
R13=0x0 is NULL
R14=0x0000000000000168 is an unknown value
R15=0x000002962a5202c0 is a thread


Registers:
RAX=0x0000000088dfd848, RBX=0x0000000000000000, RCX=0x0000000000000005, RDX=0x0000000088dfd848
RSP=0x000000b4e6dfcc08, RBP=0x000000b4e6dfce10, RSI=0x000000000000000c, RDI=0x0000000000000000
R8 =0x0000000000000010, R9 =0x0000000000000000, R10=0x000002962a601000, R11=0x0000000088dfc9a0
R12=0x0000000000000000, R13=0x0000000000000000, R14=0x0000000000000168, R15=0x000002962a5202c0
RIP=0x0000029630567c60, EFLAGS=0x0000000000010206

Top of Stack: (sp=0x000000b4e6dfcc08)
0x000000b4e6dfcc08:   0000029634578e64 0000029633f8bc58
0x000000b4e6dfcc18:   0000000004a8c7dd 000000008cb91e82
0x000000b4e6dfcc28:   0000000000000000 000000000000000c
0x000000b4e6dfcc38:   0000000088dfd190 000000000000000c
0x000000b4e6dfcc48:   0000000088dfcda8 0000000088dfd168
0x000000b4e6dfcc58:   0000000000000001 0000000000000001
0x000000b4e6dfcc68:   000000b4e6dfcc68 000000080063ff10
0x000000b4e6dfcc78:   000000b4e6dfccc0 000000080009a328
0x000000b4e6dfcc88:   0000000000000000 0000000088d6ccf0
0x000000b4e6dfcc98:   000000080009c7a8 000000600000005f
0x000000b4e6dfcca8:   0000000088dfc988 0000005f00000010
0x000000b4e6dfccb8:   0000000088dfd7d8 00000000ffffffff
0x000000b4e6dfccc8:   000000b4e6dfccc8 ffffffff00000001
0x000000b4e6dfccd8:   0000000d00000038 0000000000000181
0x000000b4e6dfcce8:   0000000088dfd800 0000000500000005
0x000000b4e6dfccf8:   0000000c00000060 0000000088dfd848 

Instructions: (pc=0x0000029630567c60)
0x0000029630567b60:   76 61 2f 6c 61 6e 67 2f 45 78 63 65 70 74 69 6f
0x0000029630567b70:   6e 07 00 1a 01 00 1a 6f 72 67 2f 69 65 74 66 2f
0x0000029630567b80:   6a 67 73 73 2f 47 53 53 45 78 63 65 70 74 69 6f
0x0000029630567b90:   6e 12 00 00 00 1c 0c 00 1d 00 1e 01 00 17 6d 61
0x0000029630567ba0:   6b 65 43 6f 6e 63 61 74 57 69 74 68 43 6f 6e 73
0x0000029630567bb0:   74 61 6e 74 73 01 00 26 28 4c 6a 61 76 61 2f 6c
0x0000029630567bc0:   61 6e 67 2f 53 74 72 69 6e 67 3b 29 4c 6a 61 76
0x0000029630567bd0:   61 2f 6c 61 6e 67 2f 53 74 72 69 6e 67 3b 0a 00
0x0000029630567be0:   19 00 20 0c 00 05 00 21 01 00 16 28 49 4c 6a 61
0x0000029630567bf0:   76 61 2f 6c 61 6e 67 2f 53 74 72 69 6e 67 3b 29
0x0000029630567c00:   56 07 00 23 01 00 1a 73 75 6e 2f 73 65 63 75 72
0x0000029630567c10:   69 74 79 2f 75 74 69 6c 2f 44 65 72 56 61 6c 75
0x0000029630567c20:   65 0a 00 22 00 25 0c 00 05 00 26 01 00 18 28 4c
0x0000029630567c30:   6a 61 76 61 2f 69 6f 2f 49 6e 70 75 74 53 74 72
0x0000029630567c40:   65 61 6d 3b 29 56 0a 00 22 00 28 0c 00 29 00 2a
0x0000029630567c50:   01 00 0b 74 6f 42 79 74 65 41 72 72 61 79 01 00
0x0000029630567c60:   04 28 29 5b 42 0a 00 22 00 2c 0c 00 2d 00 2e 01
0x0000029630567c70:   00 06 67 65 74 4f 49 44 01 00 26 28 29 4c 73 75
0x0000029630567c80:   6e 2f 73 65 63 75 72 69 74 79 2f 75 74 69 6c 2f
0x0000029630567c90:   4f 62 6a 65 63 74 49 64 65 6e 74 69 66 69 65 72
0x0000029630567ca0:   3b 07 00 30 01 00 13 6a 61 76 61 2f 69 6f 2f 49
0x0000029630567cb0:   4f 45 78 63 65 70 74 69 6f 6e 08 00 32 01 00 2f
0x0000029630567cc0:   49 6d 70 72 6f 70 65 72 6c 79 20 66 6f 72 6d 61
0x0000029630567cd0:   74 74 65 64 20 41 53 4e 2e 31 20 44 45 52 20 65
0x0000029630567ce0:   6e 63 6f 64 69 6e 67 20 66 6f 72 20 4f 69 64 0a
0x0000029630567cf0:   00 22 00 34 0c 00 05 00 35 01 00 05 28 5b 42 29
0x0000029630567d00:   56 0a 00 0e 00 37 0c 00 05 00 38 01 00 15 28 4c
0x0000029630567d10:   6a 61 76 61 2f 6c 61 6e 67 2f 53 74 72 69 6e 67
0x0000029630567d20:   3b 29 56 0a 00 08 00 3a 0c 00 3b 00 3c 01 00 08
0x0000029630567d30:   74 6f 53 74 72 69 6e 67 01 00 14 28 29 4c 6a 61
0x0000029630567d40:   76 61 2f 6c 61 6e 67 2f 53 74 72 69 6e 67 3b 0a
0x0000029630567d50:   00 08 00 3e 0c 00 3f 00 40 01 00 06 65 71 75 61 


Stack slot to memory mapping:
stack at sp + 0 slots: 0x0000029634578e64 is at entry_point+4420 in (nmethod*)0x0000029634577810
stack at sp + 1 slots: 0x0000029633f8bc58 is at code_begin+3160 in an Interpreter codelet
invoke return entry points  [0x0000029633f8b000, 0x0000029633f8d0c0]  8384 bytes
stack at sp + 2 slots: 0x0000000004a8c7dd is an unknown value
stack at sp + 3 slots: 
[error occurred during error reporting (inspecting top of stack), id 0xc0000005, EXCEPTION_ACCESS_VIOLATION (0xc0000005) at pc=0x00007ffebe937cb2]


---------------  P R O C E S S  ---------------

Threads class SMR info:
_java_thread_list=0x000002964b6153a0, length=13, elements={
0x000002962a5202c0, 0x000002964abb92a0, 0x000002964abb9d80, 0x000002964abd47d0,
0x000002964abd71a0, 0x000002964abd7b60, 0x000002964abda860, 0x000002964abdf020,
0x000002964abe9d40, 0x000002964b549640, 0x000002964b725a10, 0x000002964b62f120,
0x000002964b66f740
}
_to_delete_list=0x000002964b614dd0, length=12, elements={
0x000002962a5202c0, 0x000002964abb92a0, 0x000002964abb9d80, 0x000002964abd47d0,
0x000002964abd71a0, 0x000002964abd7b60, 0x000002964abda860, 0x000002964abdf020,
0x000002964abe9d40, 0x000002964b549640, 0x000002964b725a10, 0x000002964b62f120
}

Java Threads: ( => current thread )
=>0x000002962a5202c0 JavaThread "main" [_thread_in_Java, id=14240, stack(0x000000b4e6d00000,0x000000b4e6e00000)]
  0x000002964abb92a0 JavaThread "Reference Handler" daemon [_thread_blocked, id=5548, stack(0x000000b4e7400000,0x000000b4e7500000)]
  0x000002964abb9d80 JavaThread "Finalizer" daemon [_thread_blocked, id=7888, stack(0x000000b4e7500000,0x000000b4e7600000)]
  0x000002964abd47d0 JavaThread "Signal Dispatcher" daemon [_thread_blocked, id=5512, stack(0x000000b4e7600000,0x000000b4e7700000)]
  0x000002964abd71a0 JavaThread "Attach Listener" daemon [_thread_blocked, id=8400, stack(0x000000b4e7700000,0x000000b4e7800000)]
  0x000002964abd7b60 JavaThread "Service Thread" daemon [_thread_blocked, id=13256, stack(0x000000b4e7800000,0x000000b4e7900000)]
  0x000002964abda860 JavaThread "C2 CompilerThread0" daemon [_thread_blocked, id=6468, stack(0x000000b4e7900000,0x000000b4e7a00000)]
  0x000002964abdf020 JavaThread "C1 CompilerThread0" daemon [_thread_blocked, id=13488, stack(0x000000b4e7a00000,0x000000b4e7b00000)]
  0x000002964abe9d40 JavaThread "Sweeper thread" daemon [_thread_blocked, id=4208, stack(0x000000b4e7b00000,0x000000b4e7c00000)]
  0x000002964b549640 JavaThread "Common-Cleaner" daemon [_thread_blocked, id=1092, stack(0x000000b4e7c00000,0x000000b4e7d00000)]
  0x000002964b725a10 JavaThread "JDWP Transport Listener: dt_socket" daemon [_thread_blocked, id=8572, stack(0x000000b4e7d00000,0x000000b4e7e00000)]
  0x000002964b62f120 JavaThread "JDWP Event Helper Thread" daemon [_thread_blocked, id=5700, stack(0x000000b4e7e00000,0x000000b4e7f00000)]
  0x000002964b66f740 JavaThread "JDWP Command Reader" daemon [_thread_in_native, id=10244, stack(0x000000b4e7f00000,0x000000b4e8000000)]

Other Threads:
  0x000002964abb62f0 VMThread "VM Thread" [stack: 0x000000b4e7300000,0x000000b4e7400000] [id=4124]
  0x000002962a55ed50 GCTaskThread "GC Thread#0" [stack: 0x000000b4e6e00000,0x000000b4e6f00000] [id=14892]
  0x000002962a570d40 ConcurrentGCThread "G1 Main Marker" [stack: 0x000000b4e6f00000,0x000000b4e7000000] [id=8680]
  0x000002962a572060 ConcurrentGCThread "G1 Conc#0" [stack: 0x000000b4e7000000,0x000000b4e7100000] [id=8276]
  0x000002962a5f5030 ConcurrentGCThread "G1 Refine#0" [stack: 0x000000b4e7100000,0x000000b4e7200000] [id=920]
  0x000002962a5f6a70 ConcurrentGCThread "G1 Young RemSet Sampling" [stack: 0x000000b4e7200000,0x000000b4e7300000] [id=12940]

Threads with active compile tasks:

VM state: not at safepoint (normal execution)

VM Mutex/Monitor currently owned by a thread: None

Heap address: 0x0000000081000000, size: 2032 MB, Compressed Oops mode: 32-bit
CDS archive(s) mapped at: [0x0000000800000000-0x0000000800b50000-0x0000000800b50000), size 11862016, SharedBaseAddress: 0x0000000800000000, ArchiveRelocationMode: 0.
Compressed class space mapped at: 0x0000000800b50000-0x0000000840b50000, size: 1073741824
Narrow klass base: 0x0000000800000000, Narrow klass shift: 3, Narrow klass range: 0x100000000

GC Precious Log:
 CPUs: 6 total, 6 available
 Memory: 8127M
 Large Page Support: Disabled
 NUMA Support: Disabled
 Compressed Oops: Enabled (32-bit)
 Heap Region Size: 1M
 Heap Min Capacity: 8M
 Heap Initial Capacity: 128M
 Heap Max Capacity: 2032M
 Pre-touch: Disabled
 Parallel Workers: 6
 Concurrent Workers: 2
 Concurrent Refinement Workers: 6
 Periodic GC: Disabled

Heap:
 garbage-first heap   total 131072K, used 2048K [0x0000000081000000, 0x0000000100000000)
  region size 1024K, 3 young (3072K), 0 survivors (0K)
 Metaspace       used 1693K, capacity 4489K, committed 4864K, reserved 1056768K
  class space    used 157K, capacity 387K, committed 512K, reserved 1048576K

Heap Regions: E=young(eden), S=young(survivor), O=old, HS=humongous(starts), HC=humongous(continues), CS=collection set, F=free, OA=open archive, CA=closed archive, TAMS=top-at-mark-start (previous, next)
|   0|0x0000000081000000, 0x0000000081000000, 0x0000000081100000|  0%| F|  |TAMS 0x0000000081000000, 0x0000000081000000| Untracked 
|   1|0x0000000081100000, 0x0000000081100000, 0x0000000081200000|  0%| F|  |TAMS 0x0000000081100000, 0x0000000081100000| Untracked 
|   2|0x0000000081200000, 0x0000000081200000, 0x0000000081300000|  0%| F|  |TAMS 0x0000000081200000, 0x0000000081200000| Untracked 
|   3|0x0000000081300000, 0x0000000081300000, 0x0000000081400000|  0%| F|  |TAMS 0x0000000081300000, 0x0000000081300000| Untracked 
|   4|0x0000000081400000, 0x0000000081400000, 0x0000000081500000|  0%| F|  |TAMS 0x0000000081400000, 0x0000000081400000| Untracked 
|   5|0x0000000081500000, 0x0000000081500000, 0x0000000081600000|  0%| F|  |TAMS 0x0000000081500000, 0x0000000081500000| Untracked 
|   6|0x0000000081600000, 0x0000000081600000, 0x0000000081700000|  0%| F|  |TAMS 0x0000000081600000, 0x0000000081600000| Untracked 
|   7|0x0000000081700000, 0x0000000081700000, 0x0000000081800000|  0%| F|  |TAMS 0x0000000081700000, 0x0000000081700000| Untracked 
|   8|0x0000000081800000, 0x0000000081800000, 0x0000000081900000|  0%| F|  |TAMS 0x0000000081800000, 0x0000000081800000| Untracked 
|   9|0x0000000081900000, 0x0000000081900000, 0x0000000081a00000|  0%| F|  |TAMS 0x0000000081900000, 0x0000000081900000| Untracked 
|  10|0x0000000081a00000, 0x0000000081a00000, 0x0000000081b00000|  0%| F|  |TAMS 0x0000000081a00000, 0x0000000081a00000| Untracked 
|  11|0x0000000081b00000, 0x0000000081b00000, 0x0000000081c00000|  0%| F|  |TAMS 0x0000000081b00000, 0x0000000081b00000| Untracked 
|  12|0x0000000081c00000, 0x0000000081c00000, 0x0000000081d00000|  0%| F|  |TAMS 0x0000000081c00000, 0x0000000081c00000| Untracked 
|  13|0x0000000081d00000, 0x0000000081d00000, 0x0000000081e00000|  0%| F|  |TAMS 0x0000000081d00000, 0x0000000081d00000| Untracked 
|  14|0x0000000081e00000, 0x0000000081e00000, 0x0000000081f00000|  0%| F|  |TAMS 0x0000000081e00000, 0x0000000081e00000| Untracked 
|  15|0x0000000081f00000, 0x0000000081f00000, 0x0000000082000000|  0%| F|  |TAMS 0x0000000081f00000, 0x0000000081f00000| Untracked 
|  16|0x0000000082000000, 0x0000000082000000, 0x0000000082100000|  0%| F|  |TAMS 0x0000000082000000, 0x0000000082000000| Untracked 
|  17|0x0000000082100000, 0x0000000082100000, 0x0000000082200000|  0%| F|  |TAMS 0x0000000082100000, 0x0000000082100000| Untracked 
|  18|0x0000000082200000, 0x0000000082200000, 0x0000000082300000|  0%| F|  |TAMS 0x0000000082200000, 0x0000000082200000| Untracked 
|  19|0x0000000082300000, 0x0000000082300000, 0x0000000082400000|  0%| F|  |TAMS 0x0000000082300000, 0x0000000082300000| Untracked 
|  20|0x0000000082400000, 0x0000000082400000, 0x0000000082500000|  0%| F|  |TAMS 0x0000000082400000, 0x0000000082400000| Untracked 
|  21|0x0000000082500000, 0x0000000082500000, 0x0000000082600000|  0%| F|  |TAMS 0x0000000082500000, 0x0000000082500000| Untracked 
|  22|0x0000000082600000, 0x0000000082600000, 0x0000000082700000|  0%| F|  |TAMS 0x0000000082600000, 0x0000000082600000| Untracked 
|  23|0x0000000082700000, 0x0000000082700000, 0x0000000082800000|  0%| F|  |TAMS 0x0000000082700000, 0x0000000082700000| Untracked 
|  24|0x0000000082800000, 0x0000000082800000, 0x0000000082900000|  0%| F|  |TAMS 0x0000000082800000, 0x0000000082800000| Untracked 
|  25|0x0000000082900000, 0x0000000082900000, 0x0000000082a00000|  0%| F|  |TAMS 0x0000000082900000, 0x0000000082900000| Untracked 
|  26|0x0000000082a00000, 0x0000000082a00000, 0x0000000082b00000|  0%| F|  |TAMS 0x0000000082a00000, 0x0000000082a00000| Untracked 
|  27|0x0000000082b00000, 0x0000000082b00000, 0x0000000082c00000|  0%| F|  |TAMS 0x0000000082b00000, 0x0000000082b00000| Untracked 
|  28|0x0000000082c00000, 0x0000000082c00000, 0x0000000082d00000|  0%| F|  |TAMS 0x0000000082c00000, 0x0000000082c00000| Untracked 
|  29|0x0000000082d00000, 0x0000000082d00000, 0x0000000082e00000|  0%| F|  |TAMS 0x0000000082d00000, 0x0000000082d00000| Untracked 
|  30|0x0000000082e00000, 0x0000000082e00000, 0x0000000082f00000|  0%| F|  |TAMS 0x0000000082e00000, 0x0000000082e00000| Untracked 
|  31|0x0000000082f00000, 0x0000000082f00000, 0x0000000083000000|  0%| F|  |TAMS 0x0000000082f00000, 0x0000000082f00000| Untracked 
|  32|0x0000000083000000, 0x0000000083000000, 0x0000000083100000|  0%| F|  |TAMS 0x0000000083000000, 0x0000000083000000| Untracked 
|  33|0x0000000083100000, 0x0000000083100000, 0x0000000083200000|  0%| F|  |TAMS 0x0000000083100000, 0x0000000083100000| Untracked 
|  34|0x0000000083200000, 0x0000000083200000, 0x0000000083300000|  0%| F|  |TAMS 0x0000000083200000, 0x0000000083200000| Untracked 
|  35|0x0000000083300000, 0x0000000083300000, 0x0000000083400000|  0%| F|  |TAMS 0x0000000083300000, 0x0000000083300000| Untracked 
|  36|0x0000000083400000, 0x0000000083400000, 0x0000000083500000|  0%| F|  |TAMS 0x0000000083400000, 0x0000000083400000| Untracked 
|  37|0x0000000083500000, 0x0000000083500000, 0x0000000083600000|  0%| F|  |TAMS 0x0000000083500000, 0x0000000083500000| Untracked 
|  38|0x0000000083600000, 0x0000000083600000, 0x0000000083700000|  0%| F|  |TAMS 0x0000000083600000, 0x0000000083600000| Untracked 
|  39|0x0000000083700000, 0x0000000083700000, 0x0000000083800000|  0%| F|  |TAMS 0x0000000083700000, 0x0000000083700000| Untracked 
|  40|0x0000000083800000, 0x0000000083800000, 0x0000000083900000|  0%| F|  |TAMS 0x0000000083800000, 0x0000000083800000| Untracked 
|  41|0x0000000083900000, 0x0000000083900000, 0x0000000083a00000|  0%| F|  |TAMS 0x0000000083900000, 0x0000000083900000| Untracked 
|  42|0x0000000083a00000, 0x0000000083a00000, 0x0000000083b00000|  0%| F|  |TAMS 0x0000000083a00000, 0x0000000083a00000| Untracked 
|  43|0x0000000083b00000, 0x0000000083b00000, 0x0000000083c00000|  0%| F|  |TAMS 0x0000000083b00000, 0x0000000083b00000| Untracked 
|  44|0x0000000083c00000, 0x0000000083c00000, 0x0000000083d00000|  0%| F|  |TAMS 0x0000000083c00000, 0x0000000083c00000| Untracked 
|  45|0x0000000083d00000, 0x0000000083d00000, 0x0000000083e00000|  0%| F|  |TAMS 0x0000000083d00000, 0x0000000083d00000| Untracked 
|  46|0x0000000083e00000, 0x0000000083e00000, 0x0000000083f00000|  0%| F|  |TAMS 0x0000000083e00000, 0x0000000083e00000| Untracked 
|  47|0x0000000083f00000, 0x0000000083f00000, 0x0000000084000000|  0%| F|  |TAMS 0x0000000083f00000, 0x0000000083f00000| Untracked 
|  48|0x0000000084000000, 0x0000000084000000, 0x0000000084100000|  0%| F|  |TAMS 0x0000000084000000, 0x0000000084000000| Untracked 
|  49|0x0000000084100000, 0x0000000084100000, 0x0000000084200000|  0%| F|  |TAMS 0x0000000084100000, 0x0000000084100000| Untracked 
|  50|0x0000000084200000, 0x0000000084200000, 0x0000000084300000|  0%| F|  |TAMS 0x0000000084200000, 0x0000000084200000| Untracked 
|  51|0x0000000084300000, 0x0000000084300000, 0x0000000084400000|  0%| F|  |TAMS 0x0000000084300000, 0x0000000084300000| Untracked 
|  52|0x0000000084400000, 0x0000000084400000, 0x0000000084500000|  0%| F|  |TAMS 0x0000000084400000, 0x0000000084400000| Untracked 
|  53|0x0000000084500000, 0x0000000084500000, 0x0000000084600000|  0%| F|  |TAMS 0x0000000084500000, 0x0000000084500000| Untracked 
|  54|0x0000000084600000, 0x0000000084600000, 0x0000000084700000|  0%| F|  |TAMS 0x0000000084600000, 0x0000000084600000| Untracked 
|  55|0x0000000084700000, 0x0000000084700000, 0x0000000084800000|  0%| F|  |TAMS 0x0000000084700000, 0x0000000084700000| Untracked 
|  56|0x0000000084800000, 0x0000000084800000, 0x0000000084900000|  0%| F|  |TAMS 0x0000000084800000, 0x0000000084800000| Untracked 
|  57|0x0000000084900000, 0x0000000084900000, 0x0000000084a00000|  0%| F|  |TAMS 0x0000000084900000, 0x0000000084900000| Untracked 
|  58|0x0000000084a00000, 0x0000000084a00000, 0x0000000084b00000|  0%| F|  |TAMS 0x0000000084a00000, 0x0000000084a00000| Untracked 
|  59|0x0000000084b00000, 0x0000000084b00000, 0x0000000084c00000|  0%| F|  |TAMS 0x0000000084b00000, 0x0000000084b00000| Untracked 
|  60|0x0000000084c00000, 0x0000000084c00000, 0x0000000084d00000|  0%| F|  |TAMS 0x0000000084c00000, 0x0000000084c00000| Untracked 
|  61|0x0000000084d00000, 0x0000000084d00000, 0x0000000084e00000|  0%| F|  |TAMS 0x0000000084d00000, 0x0000000084d00000| Untracked 
|  62|0x0000000084e00000, 0x0000000084e00000, 0x0000000084f00000|  0%| F|  |TAMS 0x0000000084e00000, 0x0000000084e00000| Untracked 
|  63|0x0000000084f00000, 0x0000000084f00000, 0x0000000085000000|  0%| F|  |TAMS 0x0000000084f00000, 0x0000000084f00000| Untracked 
|  64|0x0000000085000000, 0x0000000085000000, 0x0000000085100000|  0%| F|  |TAMS 0x0000000085000000, 0x0000000085000000| Untracked 
|  65|0x0000000085100000, 0x0000000085100000, 0x0000000085200000|  0%| F|  |TAMS 0x0000000085100000, 0x0000000085100000| Untracked 
|  66|0x0000000085200000, 0x0000000085200000, 0x0000000085300000|  0%| F|  |TAMS 0x0000000085200000, 0x0000000085200000| Untracked 
|  67|0x0000000085300000, 0x0000000085300000, 0x0000000085400000|  0%| F|  |TAMS 0x0000000085300000, 0x0000000085300000| Untracked 
|  68|0x0000000085400000, 0x0000000085400000, 0x0000000085500000|  0%| F|  |TAMS 0x0000000085400000, 0x0000000085400000| Untracked 
|  69|0x0000000085500000, 0x0000000085500000, 0x0000000085600000|  0%| F|  |TAMS 0x0000000085500000, 0x0000000085500000| Untracked 
|  70|0x0000000085600000, 0x0000000085600000, 0x0000000085700000|  0%| F|  |TAMS 0x0000000085600000, 0x0000000085600000| Untracked 
|  71|0x0000000085700000, 0x0000000085700000, 0x0000000085800000|  0%| F|  |TAMS 0x0000000085700000, 0x0000000085700000| Untracked 
|  72|0x0000000085800000, 0x0000000085800000, 0x0000000085900000|  0%| F|  |TAMS 0x0000000085800000, 0x0000000085800000| Untracked 
|  73|0x0000000085900000, 0x0000000085900000, 0x0000000085a00000|  0%| F|  |TAMS 0x0000000085900000, 0x0000000085900000| Untracked 
|  74|0x0000000085a00000, 0x0000000085a00000, 0x0000000085b00000|  0%| F|  |TAMS 0x0000000085a00000, 0x0000000085a00000| Untracked 
|  75|0x0000000085b00000, 0x0000000085b00000, 0x0000000085c00000|  0%| F|  |TAMS 0x0000000085b00000, 0x0000000085b00000| Untracked 
|  76|0x0000000085c00000, 0x0000000085c00000, 0x0000000085d00000|  0%| F|  |TAMS 0x0000000085c00000, 0x0000000085c00000| Untracked 
|  77|0x0000000085d00000, 0x0000000085d00000, 0x0000000085e00000|  0%| F|  |TAMS 0x0000000085d00000, 0x0000000085d00000| Untracked 
|  78|0x0000000085e00000, 0x0000000085e00000, 0x0000000085f00000|  0%| F|  |TAMS 0x0000000085e00000, 0x0000000085e00000| Untracked 
|  79|0x0000000085f00000, 0x0000000085f00000, 0x0000000086000000|  0%| F|  |TAMS 0x0000000085f00000, 0x0000000085f00000| Untracked 
|  80|0x0000000086000000, 0x0000000086000000, 0x0000000086100000|  0%| F|  |TAMS 0x0000000086000000, 0x0000000086000000| Untracked 
|  81|0x0000000086100000, 0x0000000086100000, 0x0000000086200000|  0%| F|  |TAMS 0x0000000086100000, 0x0000000086100000| Untracked 
|  82|0x0000000086200000, 0x0000000086200000, 0x0000000086300000|  0%| F|  |TAMS 0x0000000086200000, 0x0000000086200000| Untracked 
|  83|0x0000000086300000, 0x0000000086300000, 0x0000000086400000|  0%| F|  |TAMS 0x0000000086300000, 0x0000000086300000| Untracked 
|  84|0x0000000086400000, 0x0000000086400000, 0x0000000086500000|  0%| F|  |TAMS 0x0000000086400000, 0x0000000086400000| Untracked 
|  85|0x0000000086500000, 0x0000000086500000, 0x0000000086600000|  0%| F|  |TAMS 0x0000000086500000, 0x0000000086500000| Untracked 
|  86|0x0000000086600000, 0x0000000086600000, 0x0000000086700000|  0%| F|  |TAMS 0x0000000086600000, 0x0000000086600000| Untracked 
|  87|0x0000000086700000, 0x0000000086700000, 0x0000000086800000|  0%| F|  |TAMS 0x0000000086700000, 0x0000000086700000| Untracked 
|  88|0x0000000086800000, 0x0000000086800000, 0x0000000086900000|  0%| F|  |TAMS 0x0000000086800000, 0x0000000086800000| Untracked 
|  89|0x0000000086900000, 0x0000000086900000, 0x0000000086a00000|  0%| F|  |TAMS 0x0000000086900000, 0x0000000086900000| Untracked 
|  90|0x0000000086a00000, 0x0000000086a00000, 0x0000000086b00000|  0%| F|  |TAMS 0x0000000086a00000, 0x0000000086a00000| Untracked 
|  91|0x0000000086b00000, 0x0000000086b00000, 0x0000000086c00000|  0%| F|  |TAMS 0x0000000086b00000, 0x0000000086b00000| Untracked 
|  92|0x0000000086c00000, 0x0000000086c00000, 0x0000000086d00000|  0%| F|  |TAMS 0x0000000086c00000, 0x0000000086c00000| Untracked 
|  93|0x0000000086d00000, 0x0000000086d00000, 0x0000000086e00000|  0%| F|  |TAMS 0x0000000086d00000, 0x0000000086d00000| Untracked 
|  94|0x0000000086e00000, 0x0000000086e00000, 0x0000000086f00000|  0%| F|  |TAMS 0x0000000086e00000, 0x0000000086e00000| Untracked 
|  95|0x0000000086f00000, 0x0000000086f00000, 0x0000000087000000|  0%| F|  |TAMS 0x0000000086f00000, 0x0000000086f00000| Untracked 
|  96|0x0000000087000000, 0x0000000087000000, 0x0000000087100000|  0%| F|  |TAMS 0x0000000087000000, 0x0000000087000000| Untracked 
|  97|0x0000000087100000, 0x0000000087100000, 0x0000000087200000|  0%| F|  |TAMS 0x0000000087100000, 0x0000000087100000| Untracked 
|  98|0x0000000087200000, 0x0000000087200000, 0x0000000087300000|  0%| F|  |TAMS 0x0000000087200000, 0x0000000087200000| Untracked 
|  99|0x0000000087300000, 0x0000000087300000, 0x0000000087400000|  0%| F|  |TAMS 0x0000000087300000, 0x0000000087300000| Untracked 
| 100|0x0000000087400000, 0x0000000087400000, 0x0000000087500000|  0%| F|  |TAMS 0x0000000087400000, 0x0000000087400000| Untracked 
| 101|0x0000000087500000, 0x0000000087500000, 0x0000000087600000|  0%| F|  |TAMS 0x0000000087500000, 0x0000000087500000| Untracked 
| 102|0x0000000087600000, 0x0000000087600000, 0x0000000087700000|  0%| F|  |TAMS 0x0000000087600000, 0x0000000087600000| Untracked 
| 103|0x0000000087700000, 0x0000000087700000, 0x0000000087800000|  0%| F|  |TAMS 0x0000000087700000, 0x0000000087700000| Untracked 
| 104|0x0000000087800000, 0x0000000087800000, 0x0000000087900000|  0%| F|  |TAMS 0x0000000087800000, 0x0000000087800000| Untracked 
| 105|0x0000000087900000, 0x0000000087900000, 0x0000000087a00000|  0%| F|  |TAMS 0x0000000087900000, 0x0000000087900000| Untracked 
| 106|0x0000000087a00000, 0x0000000087a00000, 0x0000000087b00000|  0%| F|  |TAMS 0x0000000087a00000, 0x0000000087a00000| Untracked 
| 107|0x0000000087b00000, 0x0000000087b00000, 0x0000000087c00000|  0%| F|  |TAMS 0x0000000087b00000, 0x0000000087b00000| Untracked 
| 108|0x0000000087c00000, 0x0000000087c00000, 0x0000000087d00000|  0%| F|  |TAMS 0x0000000087c00000, 0x0000000087c00000| Untracked 
| 109|0x0000000087d00000, 0x0000000087d00000, 0x0000000087e00000|  0%| F|  |TAMS 0x0000000087d00000, 0x0000000087d00000| Untracked 
| 110|0x0000000087e00000, 0x0000000087e00000, 0x0000000087f00000|  0%| F|  |TAMS 0x0000000087e00000, 0x0000000087e00000| Untracked 
| 111|0x0000000087f00000, 0x0000000087f00000, 0x0000000088000000|  0%| F|  |TAMS 0x0000000087f00000, 0x0000000087f00000| Untracked 
| 112|0x0000000088000000, 0x0000000088000000, 0x0000000088100000|  0%| F|  |TAMS 0x0000000088000000, 0x0000000088000000| Untracked 
| 113|0x0000000088100000, 0x0000000088100000, 0x0000000088200000|  0%| F|  |TAMS 0x0000000088100000, 0x0000000088100000| Untracked 
| 114|0x0000000088200000, 0x0000000088200000, 0x0000000088300000|  0%| F|  |TAMS 0x0000000088200000, 0x0000000088200000| Untracked 
| 115|0x0000000088300000, 0x0000000088300000, 0x0000000088400000|  0%| F|  |TAMS 0x0000000088300000, 0x0000000088300000| Untracked 
| 116|0x0000000088400000, 0x0000000088400000, 0x0000000088500000|  0%| F|  |TAMS 0x0000000088400000, 0x0000000088400000| Untracked 
| 117|0x0000000088500000, 0x0000000088500000, 0x0000000088600000|  0%| F|  |TAMS 0x0000000088500000, 0x0000000088500000| Untracked 
| 118|0x0000000088600000, 0x0000000088600000, 0x0000000088700000|  0%| F|  |TAMS 0x0000000088600000, 0x0000000088600000| Untracked 
| 119|0x0000000088700000, 0x0000000088700000, 0x0000000088800000|  0%| F|  |TAMS 0x0000000088700000, 0x0000000088700000| Untracked 
| 120|0x0000000088800000, 0x0000000088800000, 0x0000000088900000|  0%| F|  |TAMS 0x0000000088800000, 0x0000000088800000| Untracked 
| 121|0x0000000088900000, 0x0000000088900000, 0x0000000088a00000|  0%| F|  |TAMS 0x0000000088900000, 0x0000000088900000| Untracked 
| 122|0x0000000088a00000, 0x0000000088a00000, 0x0000000088b00000|  0%| F|  |TAMS 0x0000000088a00000, 0x0000000088a00000| Untracked 
| 123|0x0000000088b00000, 0x0000000088b00000, 0x0000000088c00000|  0%| F|  |TAMS 0x0000000088b00000, 0x0000000088b00000| Untracked 
| 124|0x0000000088c00000, 0x0000000088c00000, 0x0000000088d00000|  0%| F|  |TAMS 0x0000000088c00000, 0x0000000088c00000| Untracked 
| 125|0x0000000088d00000, 0x0000000088e00000, 0x0000000088e00000|100%| E|  |TAMS 0x0000000088d00000, 0x0000000088d00000| Complete 
| 126|0x0000000088e00000, 0x0000000088f00000, 0x0000000088f00000|100%| E|CS|TAMS 0x0000000088e00000, 0x0000000088e00000| Complete 
| 127|0x0000000088f00000, 0x0000000089000000, 0x0000000089000000|100%| E|CS|TAMS 0x0000000088f00000, 0x0000000088f00000| Complete 

Card table byte_map: [0x0000029643bc0000,0x0000029643fc0000] _byte_map_base: 0x00000296437b8000

Marking Bits (Prev, Next): (CMBitMap*) 0x000002962a5604e0, (CMBitMap*) 0x000002962a560520
 Prev Bits: [0x00000296443c0000, 0x0000029646380000)
 Next Bits: [0x0000029646380000, 0x0000029648340000)

Polling page: 0x000002962a600000

Metaspace:

Usage:
  Non-class:      4.01 MB capacity,     1.50 MB ( 37%) used,     2.51 MB ( 63%) free+waste,   448 bytes ( <1%) overhead. 
      Class:    387.00 KB capacity,   157.45 KB ( 41%) used,   229.30 KB ( 59%) free+waste,   256 bytes ( <1%) overhead. 
       Both:      4.38 MB capacity,     1.65 MB ( 38%) used,     2.73 MB ( 62%) free+waste,   704 bytes ( <1%) overhead. 

Virtual space:
  Non-class space:        8.00 MB reserved,       4.25 MB ( 53%) committed 
      Class space:        1.00 GB reserved,     512.00 KB ( <1%) committed 
             Both:        1.01 GB reserved,       4.75 MB ( <1%) committed 

Chunk freelists:
   Non-Class:  0 bytes
       Class:  0 bytes
        Both:  0 bytes

MaxMetaspaceSize: 17179869184.00 GB
CompressedClassSpaceSize: 1.00 GB

CodeHeap 'non-profiled nmethods': size=120000Kb used=85Kb max_used=85Kb free=119914Kb
 bounds [0x000002963ba50000, 0x000002963bcc0000, 0x0000029642f80000]
CodeHeap 'profiled nmethods': size=120000Kb used=367Kb max_used=367Kb free=119632Kb
 bounds [0x0000029634520000, 0x0000029634790000, 0x000002963ba50000]
CodeHeap 'non-nmethods': size=5760Kb used=1219Kb max_used=1239Kb free=4540Kb
 bounds [0x0000029633f80000, 0x00000296341f0000, 0x0000029634520000]
 total_blobs=662 nmethods=282 adapters=293
 compilation: enabled
              stopped_count=0, restarted_count=0
 full_count=0

Compilation events (20 events):
Event: 0.144 Thread 0x000002964abdf020  274       3       java.lang.String::lastIndexOf (12 bytes)
Event: 0.144 Thread 0x000002964abda860 nmethod 271 0x000002963ba62e10 code [0x000002963ba62f80, 0x000002963ba62ff8]
Event: 0.144 Thread 0x000002964abda860  272       4       java.lang.CharacterDataLatin1::digit (32 bytes)
Event: 0.145 Thread 0x000002964abdf020 nmethod 274 0x0000029634576490 code [0x0000029634576680, 0x0000029634576a98]
Event: 0.145 Thread 0x000002964abdf020  275       3       sun.security.util.ObjectIdentifier::checkOtherComponent (41 bytes)
Event: 0.145 Thread 0x000002964abda860 nmethod 272 0x000002963ba63110 code [0x000002963ba632a0, 0x000002963ba633b8]
Event: 0.145 Thread 0x000002964abdf020 nmethod 275 0x0000029634576c10 code [0x0000029634576e60, 0x0000029634577568]
Event: 0.145 Thread 0x000002964abdf020  276       3       java.math.BigInteger::<init> (404 bytes)
Event: 0.145 Thread 0x000002964abda860  278       4       java.lang.Character::digit (6 bytes)
Event: 0.146 Thread 0x000002964abda860 nmethod 278 0x000002963ba63510 code [0x000002963ba636a0, 0x000002963ba637d8]
Event: 0.146 Thread 0x000002964abda860  279       4       java.math.BigInteger::destructiveMulAdd (150 bytes)
Event: 0.146 Thread 0x000002964abdf020 nmethod 276 0x0000029634577810 code [0x0000029634577d20, 0x000002963457a028]
Event: 0.147 Thread 0x000002964abdf020  277       3       java.math.BigInteger::getInt (63 bytes)
Event: 0.147 Thread 0x000002964abdf020 nmethod 277 0x000002963457b290 code [0x000002963457b460, 0x000002963457b7e8]
Event: 0.147 Thread 0x000002964abdf020  280       3       sun.security.util.CurveDB::bi (11 bytes)
Event: 0.147 Thread 0x000002964abdf020 nmethod 280 0x000002963457b910 code [0x000002963457bac0, 0x000002963457bc88]
Event: 0.147 Thread 0x000002964abdf020  282       1       java.math.BigInteger::signum (5 bytes)
Event: 0.147 Thread 0x000002964abdf020 nmethod 282 0x000002963ba63910 code [0x000002963ba63aa0, 0x000002963ba63b58]
Event: 0.150 Thread 0x000002964abda860 nmethod 279 0x000002963ba63c10 code [0x000002963ba63da0, 0x000002963ba64118]
Event: 0.150 Thread 0x000002964abda860  281       4       java.lang.Integer::parseInt (264 bytes)

GC Heap History (0 events):
No events

Deoptimization events (8 events):
Event: 0.114 Thread 0x000002962a5202c0 Uncommon trap: trap_request=0xffffff45 fr.pc=0x000002963ba5958c relative=0x000000000000026c
Event: 0.114 Thread 0x000002962a5202c0 Uncommon trap: reason=unstable_if action=reinterpret pc=0x000002963ba5958c method=java.lang.String.hashCode()I @ 20 c2
Event: 0.114 Thread 0x000002962a5202c0 DEOPT PACKING pc=0x000002963ba5958c sp=0x000000b4e6dfde00
Event: 0.114 Thread 0x000002962a5202c0 DEOPT UNPACKING pc=0x0000029633fce42f sp=0x000000b4e6dfdda8 mode 2
Event: 0.127 Thread 0x000002962a5202c0 Uncommon trap: trap_request=0xffffff45 fr.pc=0x000002963ba5d3d0 relative=0x0000000000000a70
Event: 0.127 Thread 0x000002962a5202c0 Uncommon trap: reason=unstable_if action=reinterpret pc=0x000002963ba5d3d0 method=java.util.HashMap.putVal(ILjava/lang/Object;Ljava/lang/Object;ZZ)Ljava/lang/Object; @ 181 c2
Event: 0.127 Thread 0x000002962a5202c0 DEOPT PACKING pc=0x000002963ba5d3d0 sp=0x000000b4e6dfe050
Event: 0.127 Thread 0x000002962a5202c0 DEOPT UNPACKING pc=0x0000029633fce42f sp=0x000000b4e6dfe000 mode 2

Classes unloaded (0 events):
No events

Classes redefined (0 events):
No events

Internal exceptions (2 events):
Event: 0.124 Thread 0x000002962a5202c0 Exception <a 'java/lang/NoSuchMethodError'{0x0000000088d365e0}: 'void java.lang.invoke.DirectMethodHandle$Holder.invokeStatic(java.lang.Object, java.lang.Object)'> (0x0000000088d365e0) 
thrown [./open/src/hotspot/share/interpreter/linkResolver.cpp, line 782]
Event: 0.124 Thread 0x000002962a5202c0 Exception <a 'java/lang/NoSuchMethodError'{0x0000000088d3a288}: 'void java.lang.invoke.DirectMethodHandle$Holder.invokeStaticInit(java.lang.Object, java.lang.Object)'> (0x0000000088d3a288) 
thrown [./open/src/hotspot/share/interpreter/linkResolver.cpp, line 782]

Events (20 events):
Event: 0.142 loading class sun/security/util/DisabledAlgorithmConstraints$DisabledConstraint
Event: 0.142 loading class sun/security/util/DisabledAlgorithmConstraints$Constraint
Event: 0.142 loading class sun/security/util/DisabledAlgorithmConstraints$Constraint done
Event: 0.142 loading class sun/security/util/DisabledAlgorithmConstraints$DisabledConstraint done
Event: 0.142 loading class sun/security/util/CurveDB
Event: 0.142 loading class sun/security/util/CurveDB done
Event: 0.142 loading class java/security/spec/ECFieldFp
Event: 0.142 loading class java/security/spec/ECField
Event: 0.142 loading class java/security/spec/ECField done
Event: 0.142 loading class java/security/spec/ECFieldFp done
Event: 0.142 loading class java/security/spec/EllipticCurve
Event: 0.142 loading class java/security/spec/EllipticCurve done
Event: 0.143 loading class java/security/spec/ECPoint
Event: 0.143 loading class java/security/spec/ECPoint done
Event: 0.143 loading class sun/security/util/NamedCurve
Event: 0.143 loading class java/security/spec/ECParameterSpec
Event: 0.143 loading class java/security/spec/ECParameterSpec done
Event: 0.143 loading class sun/security/util/NamedCurve done
Event: 0.145 loading class java/security/spec/ECFieldF2m
Event: 0.145 loading class java/security/spec/ECFieldF2m done


Dynamic libraries:
0x00007ff730750000 - 0x00007ff73075f000 	C:\Program Files\Java\jdk-15\bin\javaw.exe
0x00007fff1b8b0000 - 0x00007fff1baa5000 	C:\Windows\SYSTEM32\ntdll.dll
0x00007fff1b140000 - 0x00007fff1b1fd000 	C:\Windows\System32\KERNEL32.DLL
0x00007fff194a0000 - 0x00007fff19768000 	C:\Windows\System32\KERNELBASE.dll
0x00007fff19770000 - 0x00007fff19870000 	C:\Windows\System32\ucrtbase.dll
0x00007ffefee80000 - 0x00007ffefee99000 	C:\Program Files\Java\jdk-15\bin\VCRUNTIME140.dll
0x00007fff06250000 - 0x00007fff06268000 	C:\Program Files\Java\jdk-15\bin\jli.dll
0x00007fff1b7c0000 - 0x00007fff1b86c000 	C:\Windows\System32\ADVAPI32.dll
0x00007fff1b720000 - 0x00007fff1b7be000 	C:\Windows\System32\msvcrt.dll
0x00007fff19f40000 - 0x00007fff19fdb000 	C:\Windows\System32\sechost.dll
0x00007fff1b560000 - 0x00007fff1b68b000 	C:\Windows\System32\RPCRT4.dll
0x00007fff1b200000 - 0x00007fff1b3a0000 	C:\Windows\System32\USER32.dll
0x00007fff190a0000 - 0x00007fff190c2000 	C:\Windows\System32\win32u.dll
0x00007fff1ac00000 - 0x00007fff1ac2a000 	C:\Windows\System32\GDI32.dll
0x00007fff18410000 - 0x00007fff186aa000 	C:\Windows\WinSxS\amd64_microsoft.windows.common-controls_6595b64144ccf1df_6.0.19041.1052_none_60b8f8fd71f5e8cb\COMCTL32.dll
0x00007fff192c0000 - 0x00007fff193cb000 	C:\Windows\System32\gdi32full.dll
0x00007fff19400000 - 0x00007fff1949d000 	C:\Windows\System32\msvcp_win.dll
0x00007fff133b0000 - 0x00007fff133ba000 	C:\Windows\SYSTEM32\VERSION.dll
0x00007fff1b6f0000 - 0x00007fff1b720000 	C:\Windows\System32\IMM32.DLL
0x00007fff133c0000 - 0x00007fff133cc000 	C:\Program Files\Java\jdk-15\bin\vcruntime140_1.dll
0x00007ffec82c0000 - 0x00007ffec8351000 	C:\Program Files\Java\jdk-15\bin\msvcp140.dll
0x00007ffebe690000 - 0x00007ffebf1ec000 	C:\Program Files\Java\jdk-15\bin\server\jvm.dll
0x00007fff1ad70000 - 0x00007fff1ad78000 	C:\Windows\System32\PSAPI.DLL
0x00007fff107f0000 - 0x00007fff107f9000 	C:\Windows\SYSTEM32\WSOCK32.dll
0x00007fff0ebe0000 - 0x00007fff0ec07000 	C:\Windows\SYSTEM32\WINMM.dll
0x00007fff1ab90000 - 0x00007fff1abfb000 	C:\Windows\System32\WS2_32.dll
0x00007fff16910000 - 0x00007fff16922000 	C:\Windows\SYSTEM32\kernel.appcore.dll
0x00007fff06740000 - 0x00007fff0674a000 	C:\Program Files\Java\jdk-15\bin\jimage.dll
0x00007fff18a20000 - 0x00007fff18c04000 	C:\Windows\SYSTEM32\DBGHELP.DLL
0x00007fff187d0000 - 0x00007fff187fc000 	C:\Windows\SYSTEM32\dbgcore.DLL
0x00007fff190d0000 - 0x00007fff19153000 	C:\Windows\System32\bcryptPrimitives.dll
0x00007ffeec780000 - 0x00007ffeec7b9000 	C:\Program Files\Java\jdk-15\bin\jdwp.dll
0x00007fff13750000 - 0x00007fff1375e000 	C:\Program Files\Java\jdk-15\bin\instrument.dll
0x00007ffefcfe0000 - 0x00007ffefd005000 	C:\Program Files\Java\jdk-15\bin\java.dll
0x00007fff1a090000 - 0x00007fff1a7cf000 	C:\Windows\System32\SHELL32.dll
0x00007fff16b10000 - 0x00007fff172a0000 	C:\Windows\SYSTEM32\windows.storage.dll
0x00007fff1a830000 - 0x00007fff1ab85000 	C:\Windows\System32\combase.dll
0x00007fff18370000 - 0x00007fff1839c000 	C:\Windows\SYSTEM32\Wldp.dll
0x00007fff1aed0000 - 0x00007fff1af7e000 	C:\Windows\System32\SHCORE.dll
0x00007fff1ae10000 - 0x00007fff1ae65000 	C:\Windows\System32\shlwapi.dll
0x00007fff18f30000 - 0x00007fff18f4f000 	C:\Windows\SYSTEM32\profapi.dll
0x00007fff08090000 - 0x00007fff0809b000 	C:\Program Files\Java\jdk-15\bin\dt_socket.dll
0x00007fff17dd0000 - 0x00007fff17e0b000 	C:\Windows\SYSTEM32\IPHLPAPI.DLL
0x00007fff18230000 - 0x00007fff1829a000 	C:\Windows\system32\mswsock.dll
0x00007fff17e10000 - 0x00007fff17edc000 	C:\Windows\SYSTEM32\DNSAPI.dll
0x00007fff1b000000 - 0x00007fff1b008000 	C:\Windows\System32\NSI.dll
0x00007fff052b0000 - 0x00007fff052ba000 	C:\Windows\System32\rasadhlp.dll
0x00007fff05420000 - 0x00007fff0549f000 	C:\Windows\System32\fwpuclnt.dll
0x00007fff193d0000 - 0x00007fff193f7000 	C:\Windows\System32\bcrypt.dll
0x00007ffefce20000 - 0x00007ffefce38000 	C:\Program Files\Java\jdk-15\bin\zip.dll
0x00007ffefcfc0000 - 0x00007ffefcfd9000 	C:\Program Files\Java\jdk-15\bin\net.dll
0x00007fff093f0000 - 0x00007fff094fb000 	C:\Windows\SYSTEM32\WINHTTP.dll
0x00007ffefcf50000 - 0x00007ffefcf62000 	C:\Program Files\Java\jdk-15\bin\nio.dll

dbghelp: loaded successfully - version: 4.0.5 - missing functions: none
symbol engine: initialized successfully - sym options: 0x614 - pdb path: .;C:\Program Files\Java\jdk-15\bin;C:\Windows\SYSTEM32;C:\Windows\WinSxS\amd64_microsoft.windows.common-controls_6595b64144ccf1df_6.0.19041.1052_none_60b8f8fd71f5e8cb;C:\Program Files\Java\jdk-15\bin\server

VM Arguments:
jvm_args: -XX:+ShowCodeDetailsInExceptionMessages -agentlib:jdwp=transport=dt_socket,suspend=y,address=localhost:59089 -javaagent:C:\Users\정보기술\.eclipse\org.eclipse.platform_4.17.0_248562372_win32_win32_x86_64\configuration\org.eclipse.osgi\215\0\.cp\lib\javaagent-shaded.jar -Dfile.encoding=MS949 
java_command: form.gravity
java_class_path (initial): C:\Users\정보기술\Desktop\바운스볼\Bounce-ball\bin
Launcher Type: SUN_STANDARD

[Global flags]
     intx CICompilerCount                          = 3                                         {product} {ergonomic}
     uint ConcGCThreads                            = 2                                         {product} {ergonomic}
     uint G1ConcRefinementThreads                  = 6                                         {product} {ergonomic}
   size_t G1HeapRegionSize                         = 1048576                                   {product} {ergonomic}
    uintx GCDrainStackTargetSize                   = 64                                        {product} {ergonomic}
   size_t InitialHeapSize                          = 134217728                                 {product} {ergonomic}
   size_t MarkStackSize                            = 4194304                                   {product} {ergonomic}
   size_t MaxHeapSize                              = 2130706432                                {product} {ergonomic}
   size_t MaxNewSize                               = 1278214144                                {product} {ergonomic}
   size_t MinHeapDeltaBytes                        = 1048576                                   {product} {ergonomic}
   size_t MinHeapSize                              = 8388608                                   {product} {ergonomic}
    uintx NonNMethodCodeHeapSize                   = 5832780                                {pd product} {ergonomic}
    uintx NonProfiledCodeHeapSize                  = 122912730                              {pd product} {ergonomic}
    uintx ProfiledCodeHeapSize                     = 122912730                              {pd product} {ergonomic}
    uintx ReservedCodeCacheSize                    = 251658240                              {pd product} {ergonomic}
     bool SegmentedCodeCache                       = true                                      {product} {ergonomic}
     bool ShowCodeDetailsInExceptionMessages       = true                                   {manageable} {command line}
   size_t SoftMaxHeapSize                          = 2130706432                             {manageable} {ergonomic}
     bool UseCompressedClassPointers               = true                                 {lp64_product} {ergonomic}
     bool UseCompressedOops                        = true                                 {lp64_product} {ergonomic}
     bool UseG1GC                                  = true                                      {product} {ergonomic}
     bool UseLargePagesIndividualAllocation        = false                                  {pd product} {ergonomic}

Logging:
Log output configuration:
 #0: stdout all=warning uptime,level,tags
 #1: stderr all=off uptime,level,tags

Environment Variables:
PATH=C:\Program Files (x86)\Intel\Intel(R) Management Engine Components\iCLS\;C:\Program Files\Intel\Intel(R) Management Engine Components\iCLS\;C:\Program Files\Common Files\Oracle\Java\javapath;C:\Program Files (x86)\Common Files\Oracle\Java\javapath;C:\Program Files\AdoptOpenJDK\jdk-11.0.8.10-hotspot\bin;C:\Windows\system32;C:\Windows;C:\Windows\System32\Wbem;C:\Windows\System32\WindowsPowerShell\v1.0\;C:\Windows\System32\OpenSSH\;C:\Program Files (x86)\Intel\Intel(R) Management Engine Components\DAL;C:\Program Files\Intel\Intel(R) Management Engine Components\DAL;C:\Program Files (x86)\Intel\Intel(R) Management Engine Components\IPT;C:\Program Files\Intel\Intel(R) Management Engine Components\IPT;C:\Program Files\MySQL\MySQL Shell 8.0\bin\;C:\Users\정보기술\AppData\Local\Microsoft\WindowsApps;C:\Program Files\Bandizip\;C:\Users\정보기술\AppData\Local\GitHubDesktop\bin
USERNAME=정보기술
OS=Windows_NT
PROCESSOR_IDENTIFIER=Intel64 Family 6 Model 158 Stepping 13, GenuineIntel



---------------  S Y S T E M  ---------------

OS:
 Windows 10 , 64 bit Build 19041 (10.0.19041.1023)
OS uptime: 3 days 8:06 hours

CPU: total 6 (initial active 6) (6 cores per cpu, 1 threads per core) family 6 model 158 stepping 13, cmov, cx8, fxsr, mmx, sse, sse2, sse3, ssse3, sse4.1, sse4.2, popcnt, vzeroupper, avx, avx2, aes, clmul, erms, 3dnowpref, lzcnt, tsc, tscinvbit, bmi1, bmi2, adx, fma, clflush, clflushopt

Memory: 4k page, system-wide physical 8127M (2625M free)
TotalPageFile size 14783M (AvailPageFile size 2525M)
current process WorkingSet (physical memory assigned to process): 39M, peak: 39M
current process commit charge ("private bytes"): 212M, peak: 212M

vm_info: Java HotSpot(TM) 64-Bit Server VM (15+36-1562) for windows-amd64 JRE (15+36-1562), built on Aug 11 2020 22:38:02 by "mach5one" with unknown MS VC++:1925

END.
